<?xml version="1.0" encoding="UTF-8"?>
<testng-results ignored="0" total="2" passed="2" failed="0" skipped="0">
  <reporter-output>
  </reporter-output>
  <suite started-at="2025-12-31T15:57:39 IST" name="Default suite" finished-at="2025-12-31T15:57:46 IST" duration-ms="6950">
    <groups>
    </groups>
    <test started-at="2025-12-31T15:57:39 IST" name="Default test" finished-at="2025-12-31T15:57:46 IST" duration-ms="6950">
      <class name="com.pkg1.test.SeleniumG">
        <test-method signature="login(java.lang.String,java.lang.String)[pri:0, instance:com.pkg1.test.SeleniumG@54d9d12d]" started-at="2025-12-31T15:57:39 IST" name="login" data-provider="senddata" finished-at="2025-12-31T15:57:46 IST" duration-ms="6872" status="PASS">
          <params>
            <param index="0">
              <value>
                <![CDATA[anku2]]>
              </value>
            </param>
            <param index="1">
              <value>
                <![CDATA[chrome]]>
              </value>
            </param>
          </params>
          <reporter-output>
          </reporter-output>
        </test-method> <!-- login -->
        <test-method signature="login(java.lang.String,java.lang.String)[pri:0, instance:com.pkg1.test.SeleniumG@54d9d12d]" started-at="2025-12-31T15:57:39 IST" name="login" data-provider="senddata" finished-at="2025-12-31T15:57:46 IST" duration-ms="6871" status="PASS">
          <params>
            <param index="0">
              <value>
                <![CDATA[anku1]]>
              </value>
            </param>
            <param index="1">
              <value>
                <![CDATA[chrome]]>
              </value>
            </param>
          </params>
          <reporter-output>
          </reporter-output>
        </test-method> <!-- login -->
      </class> <!-- com.pkg1.test.SeleniumG -->
    </test> <!-- Default test -->
  </suite> <!-- Default suite -->
</testng-results>
