<?xml version="1.0" encoding="UTF-8"?>
<!-- Generated by org.testng.reporters.JUnitReportReporter -->
<testsuite hostname="DESKTOP-PQGSTH5" failures="0" tests="5" name="com.pkg1.test.testClass" time="26.584" errors="0" timestamp="2025-12-31T13:55:51 IST" skipped="0">
  <testcase classname="com.pkg1.test.testClass" name="fb" time="4.024"/>
  <testcase classname="com.pkg1.test.testClass" name="other" time="4.831"/>
  <testcase classname="com.pkg1.test.testClass" name="demoqa" time="8.732"/>
  <testcase classname="com.pkg1.test.testClass" name="hereq" time="6.401"/>
  <testcase classname="com.pkg1.test.testClass" name="first" time="2.596"/>
</testsuite> <!-- com.pkg1.test.testClass -->
